<?xml version="1.0" encoding="UTF-8"?>
<testng-results ignored="0" total="1" passed="1" failed="0" skipped="0">
  <reporter-output>
  </reporter-output>
  <suite started-at="2020-09-24T13:01:05 IST" name="TestNG Suite" finished-at="2020-09-24T13:01:05 IST" duration-ms="90">
    <groups>
    </groups>
    <test started-at="2020-09-24T13:01:05 IST" name="TestNG Test" finished-at="2020-09-24T13:01:05 IST" duration-ms="90">
      <class name="testNG.SampleTestCase">
        <test-method signature="firsttestcase()[pri:0, instance:testNG.SampleTestCase@78dd667e]" started-at="2020-09-24T13:01:05 IST" name="firsttestcase" finished-at="2020-09-24T13:01:05 IST" duration-ms="15" status="PASS">
          <reporter-output>
          </reporter-output>
        </test-method> <!-- firsttestcase -->
      </class> <!-- testNG.SampleTestCase -->
    </test> <!-- TestNG Test -->
  </suite> <!-- TestNG Suite -->
</testng-results>
