<?xml version="1.0" encoding="UTF-8"?>
<testng-results ignored="0" total="1" passed="1" failed="0" skipped="0">
  <reporter-output>
  </reporter-output>
  <suite started-at="2020-09-23T20:57:31 IST" name="Default suite" finished-at="2020-09-23T20:57:31 IST" duration-ms="96">
    <groups>
    </groups>
    <test started-at="2020-09-23T20:57:31 IST" name="Default test" finished-at="2020-09-23T20:57:31 IST" duration-ms="96">
      <class name="testNG.AssertionExample">
        <test-method signature="check()[pri:0, instance:testNG.AssertionExample@1d76aeea]" started-at="2020-09-23T20:57:31 IST" name="check" finished-at="2020-09-23T20:57:31 IST" duration-ms="18" status="PASS">
          <reporter-output>
          </reporter-output>
        </test-method> <!-- check -->
      </class> <!-- testNG.AssertionExample -->
    </test> <!-- Default test -->
  </suite> <!-- Default suite -->
</testng-results>
