<?xml version="1.0" encoding="UTF-8"?>
<!-- Generated by org.testng.reporters.JUnitXMLReporter -->
<testsuite ignored="0" hostname="DESKTOP-VL4PKSR" failures="0" tests="4" name="Login Test" time="164.372" errors="0" timestamp="2020-09-17T19:32:17 IST">
  <testcase classname="com.DataDriven.LoginTestCases" name="logincorrectTestCases" time="54.435"/>
  <testcase classname="com.DataDriven.LoginBothIncorrect" name="loginbothincorrect" time="40.329"/>
  <testcase classname="com.DataDriven.LoginWrongPassword" name="loginwrongUserName" time="38.875"/>
  <testcase classname="com.DataDriven.LoginWrongUserName" name="loginwrongUserName" time="30.652"/>
</testsuite> <!-- Login Test -->
